#
# A fatal error has been detected by the Java Runtime Environment:
#
#  EXCEPTION_ACCESS_VIOLATION (0xc0000005) at pc=0x00007ffb4639c5b9, pid=179040, tid=53436
#
# JRE version: OpenJDK Runtime Environment Temurin-17.0.15+6 (17.0.15+6) (build 17.0.15+6)
# Java VM: OpenJDK 64-Bit Server VM Temurin-17.0.15+6 (17.0.15+6, mixed mode, sharing, tiered, compressed oops, compressed class ptrs, g1 gc, windows-amd64)
# Problematic frame:
# C  [lwjgl_opengl.dll+0xc5b9]
#
# No core dump will be written. Minidumps are not enabled by default on client versions of Windows
#
# If you would like to submit a bug report, please visit:
#   https://github.com/adoptium/adoptium-support/issues
# The crash happened outside the Java Virtual Machine in native code.
# See problematic frame for where to report the bug.
#

---------------  S U M M A R Y ------------

Command Line: -javaagent:C:\Program Files\JetBrains\IntelliJ IDEA 2025.2.6.1\lib\idea_rt.jar=51728 -Dfile.encoding=UTF-8 org.example.Main

Host: 11th Gen Intel(R) Core(TM) i5-1135G7 @ 2.40GHz, 8 cores, 7G,  Windows 11 , 64 bit Build 26100 (10.0.26100.8246)
Time: Wed Apr 29 16:02:41 2026 SE Asia Standard Time elapsed time: 0.939099 seconds (0d 0h 0m 0s)

---------------  T H R E A D  ---------------

Current thread (0x0000016aca398c50):  JavaThread "main" [_thread_in_native, id=53436, stack(0x0000002fd1b00000,0x0000002fd1c00000)]

Stack: [0x0000002fd1b00000,0x0000002fd1c00000],  sp=0x0000002fd1bff178,  free space=1020k
Native frames: (J=compiled Java code, j=interpreted, Vv=VM code, C=native code)
C  [lwjgl_opengl.dll+0xc5b9]

Java frames: (J=compiled Java code, j=interpreted, Vv=VM code)
j  org.lwjgl.opengl.GL11C.glClearColor(FFFF)V+0
j  org.lwjgl.opengl.GL11.glClearColor(FFFF)V+4
j  org.example.Main.loop()V+7
j  org.example.Main.run()V+5
j  org.example.Main.main([Ljava/lang/String;)V+7
v  ~StubRoutines::call_stub

siginfo: EXCEPTION_ACCESS_VIOLATION (0xc0000005), reading address 0x0000000000000070


Registers:
RAX=0x0000016ae8af4c20, RBX=0x0000016ae955ad38, RCX=0x0000000000000000, RDX=0x0000002fd1bff220
RSP=0x0000002fd1bff178, RBP=0x0000002fd1bff210, RSI=0x0000000000000000, RDI=0x0000016ad9429520
R8 =0x0000000000000002, R9 =0x0000000000000002, R10=0x0000016ad942d6b2, R11=0x000000008b77aa38
R12=0x0000000000000000, R13=0x0000016ae955ad30, R14=0x0000002fd1bff248, R15=0x0000016aca398c50
RIP=0x00007ffb4639c5b9, EFLAGS=0x0000000000010206

XMM[0]=0x0000000000000000 0x000000003e4ccccd
XMM[1]=0x0000000000000000 0x000000003ecccccd
XMM[2]=0x0000000000000000 0x000000003f4ccccd
XMM[3]=0x0000000000000000 0x000000003f800000
XMM[4]=0x00007ffaf8f860c0 0x0000016aca398c00
XMM[5]=0x468b4128244489f0 0x468b41f85e107ac1
XMM[6]=0x0000000000000000 0x0000000000000000
XMM[7]=0x0000000000000000 0x0000000000000000
XMM[8]=0x0000000000000000 0x0000000000000000
XMM[9]=0x0000000000000000 0x0000000000000000
XMM[10]=0x0000000000000000 0x0000000000000000
XMM[11]=0x0000000000000000 0x0000000000000000
XMM[12]=0x0000000000000000 0x0000000000000000
XMM[13]=0x0000000000000000 0x0000000000000000
XMM[14]=0x0000000000000000 0x0000000000000000
XMM[15]=0x0000000000000000 0x0000000000000000
  MXCSR=0x00001fa0


Register to memory mapping:

RIP=0x00007ffb4639c5b9 lwjgl_opengl.dll
RAX=0x0000016ae8af4c20 points into unknown readable memory: 0x0000000000000000 | 00 00 00 00 00 00 00 00
RBX={method} {0x0000016ae955ad40} 'glClearColor' '(FFFF)V' in 'org/lwjgl/opengl/GL11C'
RCX=0x0 is NULL
RDX=0x0000002fd1bff220 is pointing into the stack for thread: 0x0000016aca398c50
RSP=0x0000002fd1bff178 is pointing into the stack for thread: 0x0000016aca398c50
RBP=0x0000002fd1bff210 is pointing into the stack for thread: 0x0000016aca398c50
RSI=0x0 is NULL
RDI=0x0000016ad9429520 is at code_begin+1152 in an Interpreter codelet
return entry points  [0x0000016ad94290a0, 0x0000016ad9429c00]  2912 bytes
R8 =0x0000000000000002 is an unknown value
R9 =0x0000000000000002 is an unknown value
R10=0x0000016ad942d6b2 is at code_begin+946 in an Interpreter codelet
method entry point (kind = native)  [0x0000016ad942d300, 0x0000016ad942dc80]  2432 bytes
R11=0x000000008b77aa38 is an oop: java.lang.Class 
{0x000000008b77aa38} - klass: 'java/lang/Class'
 - ---- fields (total size 116 words):
 - private volatile transient 'classRedefinedCount' 'I' @12  0
 - private volatile transient 'cachedConstructor' 'Ljava/lang/reflect/Constructor;' @40  NULL (0)
 - private transient 'name' 'Ljava/lang/String;' @44  "org.lwjgl.opengl.GL11C"{0x000000008b77ade8} (8b77ade8)
 - private transient 'module' 'Ljava/lang/Module;' @48  a 'java/lang/Module'{0x000000008bd5de20} (8bd5de20)
 - private final 'classLoader' 'Ljava/lang/ClassLoader;' @52  a 'jdk/internal/loader/ClassLoaders$AppClassLoader'{0x000000008bd5dc60} (8bd5dc60)
 - private transient 'classData' 'Ljava/lang/Object;' @56  NULL (0)
 - private transient 'packageName' 'Ljava/lang/String;' @60  "org.lwjgl.opengl"{0x000000008b894e58} (8b894e58)
 - private final 'componentType' 'Ljava/lang/Class;' @64  NULL (0)
 - private volatile transient 'reflectionData' 'Ljava/lang/ref/SoftReference;' @68  NULL (0)
 - private volatile transient 'genericInfo' 'Lsun/reflect/generics/repository/ClassRepository;' @72  NULL (0)
 - private volatile transient 'enumConstants' '[Ljava/lang/Object;' @76  NULL (0)
 - private volatile transient 'enumConstantDirectory' 'Ljava/util/Map;' @80  NULL (0)
 - private volatile transient 'annotationData' 'Ljava/lang/Class$AnnotationData;' @84  NULL (0)
 - private volatile transient 'annotationType' 'Lsun/reflect/annotation/AnnotationType;' @88  NULL (0)
 - transient 'classValueMap' 'Ljava/lang/ClassValue$ClassValueMap;' @92  NULL (0)
 - signature: Lorg/lwjgl/opengl/GL11C;
 - fake entry for mirror: 'org/lwjgl/opengl/GL11C'
 - fake entry for array: NULL
 - fake entry for oop_size: 116
 - fake entry for static_oop_field_count: 0
 - public static final 'GL_NEVER' 'I' @112  512 (200)
 - public static final 'GL_LESS' 'I' @116  513 (201)
 - public static final 'GL_EQUAL' 'I' @120  514 (202)
 - public static final 'GL_LEQUAL' 'I' @124  515 (203)
 - public static final 'GL_GREATER' 'I' @128  516 (204)
 - public static final 'GL_NOTEQUAL' 'I' @132  517 (205)
 - public static final 'GL_GEQUAL' 'I' @136  518 (206)
 - public static final 'GL_ALWAYS' 'I' @140  519 (207)
 - public static final 'GL_DEPTH_BUFFER_BIT' 'I' @144  256 (100)
 - public static final 'GL_STENCIL_BUFFER_BIT' 'I' @148  1024 (400)
 - public static final 'GL_COLOR_BUFFER_BIT' 'I' @152  16384 (4000)
 - public static final 'GL_POINTS' 'I' @156  0
 - public static final 'GL_LINES' 'I' @160  1
 - public static final 'GL_LINE_LOOP' 'I' @164  2
 - public static final 'GL_LINE_STRIP' 'I' @168  3
 - public static final 'GL_TRIANGLES' 'I' @172  4
 - public static final 'GL_TRIANGLE_STRIP' 'I' @176  5
 - public static final 'GL_TRIANGLE_FAN' 'I' @180  6
 - public static final 'GL_QUADS' 'I' @184  7
 - public static final 'GL_ZERO' 'I' @188  0
 - public static final 'GL_ONE' 'I' @192  1
 - public static final 'GL_SRC_COLOR' 'I' @196  768 (300)
 - public static final 'GL_ONE_MINUS_SRC_COLOR' 'I' @200  769 (301)
 - public static final 'GL_SRC_ALPHA' 'I' @204  770 (302)
 - public static final 'GL_ONE_MINUS_SRC_ALPHA' 'I' @208  771 (303)
 - public static final 'GL_DST_ALPHA' 'I' @212  772 (304)
 - public static final 'GL_ONE_MINUS_DST_ALPHA' 'I' @216  773 (305)
 - public static final 'GL_DST_COLOR' 'I' @220  774 (306)
 - public static final 'GL_ONE_MINUS_DST_COLOR' 'I' @224  775 (307)
 - public static final 'GL_SRC_ALPHA_SATURATE' 'I' @228  776 (308)
 - public static final 'GL_TRUE' 'I' @232  1
 - public static final 'GL_FALSE' 'I' @236  0
 - public static final 'GL_BYTE' 'I' @240  5120 (1400)
 - public static final 'GL_UNSIGNED_BYTE' 'I' @244  5121 (1401)
 - public static final 'GL_SHORT' 'I' @248  5122 (1402)
 - public static final 'GL_UNSIGNED_SHORT' 'I' @252  5123 (1403)
 - public static final 'GL_INT' 'I' @256  5124 (1404)
 - public static final 'GL_UNSIGNED_INT' 'I' @260  5125 (1405)
 - public static final 'GL_FLOAT' 'I' @264  5126 (1406)
 - public static final 'GL_DOUBLE' 'I' @268  5130 (140a)
 - public static final 'GL_NONE' 'I' @272  0
 - public static final 'GL_FRONT_LEFT' 'I' @276  1024 (400)
 - public static final 'GL_FRONT_RIGHT' 'I' @280  1025 (401)
 - public static final 'GL_BACK_LEFT' 'I' @284  1026 (402)
 - public static final 'GL_BACK_RIGHT' 'I' @288  1027 (403)
 - public static final 'GL_FRONT' 'I' @292  1028 (404)
 - public static final 'GL_BACK' 'I' @296  1029 (405)
 - public static final 'GL_LEFT' 'I' @300  1030 (406)
 - public static final 'GL_RIGHT' 'I' @304  1031 (407)
 - public static final 'GL_FRONT_AND_BACK' 'I' @308  1032 (408)
 - public static final 'GL_NO_ERROR' 'I' @312  0
 - public static final 'GL_INVALID_ENUM' 'I' @316  1280 (500)
 - public static final 'GL_INVALID_VALUE' 'I' @320  1281 (501)
 - public static final 'GL_INVALID_OPERATION' 'I' @324  1282 (502)
 - public static final 'GL_STACK_OVERFLOW' 'I' @328  1283 (503)
 - public static final 'GL_STACK_UNDERFLOW' 'I' @332  1284 (504)
 - public static final 'GL_OUT_OF_MEMORY' 'I' @336  1285 (505)
 - public static final 'GL_CW' 'I' @340  2304 (900)
 - public static final 'GL_CCW' 'I' @344  2305 (901)
 - public static final 'GL_POINT_SIZE' 'I' @348  2833 (b11)
 - public static final 'GL_POINT_SIZE_RANGE' 'I' @352  2834 (b12)
 - public static final 'GL_POINT_SIZE_GRANULARITY' 'I' @356  2835 (b13)
 - public static final 'GL_LINE_SMOOTH' 'I' @360  2848 (b20)
 - public static final 'GL_LINE_WIDTH' 'I' @364  2849 (b21)
 - public static final 'GL_LINE_WIDTH_RANGE' 'I' @368  2850 (b22)
 - public static final 'GL_LINE_WIDTH_GRANULARITY' 'I' @372  2851 (b23)
 - public static final 'GL_POLYGON_MODE' 'I' @376  2880 (b40)
 - public static final 'GL_POLYGON_SMOOTH' 'I' @380  2881 (b41)
 - public static final 'GL_CULL_FACE' 'I' @384  2884 (b44)
 - public static final 'GL_CULL_FACE_MODE' 'I' @388  2885 (b45)
 - public static final 'GL_FRONT_FACE' 'I' @392  2886 (b46)
 - public static final 'GL_DEPTH_RANGE' 'I' @396  2928 (b70)
 - public static final 'GL_DEPTH_TEST' 'I' @400  2929 (b71)
 - public static final 'GL_DEPTH_WRITEMASK' 'I' @404  2930 (b72)
 - public static final 'GL_DEPTH_CLEAR_VALUE' 'I' @408  2931 (b73)
 - public static final 'GL_DEPTH_FUNC' 'I' @412  2932 (b74)
 - public static final 'GL_STENCIL_TEST' 'I' @416  2960 (b90)
 - public static final 'GL_STENCIL_CLEAR_VALUE' 'I' @420  2961 (b91)
 - public static final 'GL_STENCIL_FUNC' 'I' @424  2962 (b92)
 - public static final 'GL_STENCIL_VALUE_MASK' 'I' @428  2963 (b93)
 - public static final 'GL_STENCIL_FAIL' 'I' @432  2964 (b94)
 - public static final 'GL_STENCIL_PASS_DEPTH_FAIL' 'I' @436  2965 (b95)
 - public static final 'GL_STENCIL_PASS_DEPTH_PASS' 'I' @440  2966 (b96)
 - public static final 'GL_STENCIL_REF' 'I' @444  2967 (b97)
 - public static final 'GL_STENCIL_WRITEMASK' 'I' @448  2968 (b98)
 - public static final 'GL_VIEWPORT' 'I' @452  2978 (ba2)
 - public static final 'GL_DITHER' 'I' @456  3024 (bd0)
 - public static final 'GL_BLEND_DST' 'I' @460  3040 (be0)
 - public static final 'GL_BLEND_SRC' 'I' @464  3041 (be1)
 - public static final 'GL_BLEND' 'I' @468  3042 (be2)
 - public static final 'GL_LOGIC_OP_MODE' 'I' @472  3056 (bf0)
 - public static final 'GL_COLOR_LOGIC_OP' 'I' @476  3058 (bf2)
 - public static final 'GL_DRAW_BUFFER' 'I' @480  3073 (c01)
 - public static final 'GL_READ_BUFFER' 'I' @484  3074 (c02)
 - public static final 'GL_SCISSOR_BOX' 'I' @488  3088 (c10)
 - public static final 'GL_SCISSOR_TEST' 'I' @492  3089 (c11)
 - public static final 'GL_COLOR_CLEAR_VALUE' 'I' @496  3106 (c22)
 - public static final 'GL_COLOR_WRITEMASK' 'I' @500  3107 (c23)
 - public static final 'GL_DOUBLEBUFFER' 'I' @504  3122 (c32)
 - public static final 'GL_STEREO' 'I' @508  3123 (c33)
 - public static final 'GL_LINE_SMOOTH_HINT' 'I' @512  3154 (c52)
 - public static final 'GL_POLYGON_SMOOTH_HINT' 'I' @516  3155 (c53)
 - public static final 'GL_UNPACK_SWAP_BYTES' 'I' @520  3312 (cf0)
 - public static final 'GL_UNPACK_LSB_FIRST' 'I' @524  3313 (cf1)
 - public static final 'GL_UNPACK_ROW_LENGTH' 'I' @528  3314 (cf2)
 - public static final 'GL_UNPACK_SKIP_ROWS' 'I' @532  3315 (cf3)
 - public static final 'GL_UNPACK_SKIP_PIXELS' 'I' @536  3316 (cf4)
 - public static final 'GL_UNPACK_ALIGNMENT' 'I' @540  3317 (cf5)
 - public static final 'GL_PACK_SWAP_BYTES' 'I' @544  3328 (d00)
 - public static final 'GL_PACK_LSB_FIRST' 'I' @548  3329 (d01)
 - public static final 'GL_PACK_ROW_LENGTH' 'I' @552  3330 (d02)
 - public static final 'GL_PACK_SKIP_ROWS' 'I' @556  3331 (d03)
 - public static final 'GL_PACK_SKIP_PIXELS' 'I' @560  3332 (d04)
 - public static final 'GL_PACK_ALIGNMENT' 'I' @564  3333 (d05)
 - public static final 'GL_MAX_TEXTURE_SIZE' 'I' @568  3379 (d33)
 - public static final 'GL_MAX_VIEWPORT_DIMS' 'I' @572  3386 (d3a)
 - public static final 'GL_SUBPIXEL_BITS' 'I' @576  3408 (d50)
 - public static final 'GL_TEXTURE_1D' 'I' @580  3552 (de0)
 - public static final 'GL_TEXTURE_2D' 'I' @584  3553 (de1)
 - public static final 'GL_TEXTURE_WIDTH' 'I' @588  4096 (1000)
 - public static final 'GL_TEXTURE_HEIGHT' 'I' @592  4097 (1001)
 - public static final 'GL_TEXTURE_INTERNAL_FORMAT' 'I' @596  4099 (1003)
 - public static final 'GL_TEXTURE_BORDER_COLOR' 'I' @600  4100 (1004)
 - public static final 'GL_DONT_CARE' 'I' @604  4352 (1100)
 - public static final 'GL_FASTEST' 'I' @608  4353 (1101)
 - public static final 'GL_NICEST' 'I' @612  4354 (1102)
 - public static final 'GL_CLEAR' 'I' @616  5376 (1500)
 - public static final 'GL_AND' 'I' @620  5377 (1501)
 - public static final 'GL_AND_REVERSE' 'I' @624  5378 (1502)
 - public static final 'GL_COPY' 'I' @628  5379 (1503)
 - public static final 'GL_AND_INVERTED' 'I' @632  5380 (1504)
 - public static final 'GL_NOOP' 'I' @636  5381 (1505)
 - public static final 'GL_XOR' 'I' @640  5382 (1506)
 - public static final 'GL_OR' 'I' @644  5383 (1507)
 - public static final 'GL_NOR' 'I' @648  5384 (1508)
 - public static final 'GL_EQUIV' 'I' @652  5385 (1509)
 - public static final 'GL_INVERT' 'I' @656  5386 (150a)
 - public static final 'GL_OR_REVERSE' 'I' @660  5387 (150b)
 - public static final 'GL_COPY_INVERTED' 'I' @664  5388 (150c)
 - public static final 'GL_OR_INVERTED' 'I' @668  5389 (150d)
 - public static final 'GL_NAND' 'I' @672  5390 (150e)
 - public static final 'GL_SET' 'I' @676  5391 (150f)
 - public static final 'GL_TEXTURE' 'I' @680  5890 (1702)
 - public static final 'GL_COLOR' 'I' @684  6144 (1800)
 - public static final 'GL_DEPTH' 'I' @688  6145 (1801)
 - public static final 'GL_STENCIL' 'I' @692  6146 (1802)
 - public static final 'GL_STENCIL_INDEX' 'I' @696  6401 (1901)
 - public static final 'GL_DEPTH_COMPONENT' 'I' @700  6402 (1902)
 - public static final 'GL_RED' 'I' @704  6403 (1903)
 - public static final 'GL_GREEN' 'I' @708  6404 (1904)
 - public static final 'GL_BLUE' 'I' @712  6405 (1905)
 - public static final 'GL_ALPHA' 'I' @716  6406 (1906)
 - public static final 'GL_RGB' 'I' @720  6407 (1907)
 - public static final 'GL_RGBA' 'I' @724  6408 (1908)
 - public static final 'GL_POINT' 'I' @728  6912 (1b00)
 - public static final 'GL_LINE' 'I' @732  6913 (1b01)
 - public static final 'GL_FILL' 'I' @736  6914 (1b02)
 - public static final 'GL_KEEP' 'I' @740  7680 (1e00)
 - public static final 'GL_REPLACE' 'I' @744  7681 (1e01)
 - public static final 'GL_INCR' 'I' @748  7682 (1e02)
 - public static final 'GL_DECR' 'I' @752  7683 (1e03)
 - public static final 'GL_VENDOR' 'I' @756  7936 (1f00)
 - public static final 'GL_RENDERER' 'I' @760  7937 (1f01)
 - public static final 'GL_VERSION' 'I' @764  7938 (1f02)
 - public static final 'GL_EXTENSIONS' 'I' @768  7939 (1f03)
 - public static final 'GL_NEAREST' 'I' @772  9728 (2600)
 - public static final 'GL_LINEAR' 'I' @776  9729 (2601)
 - public static final 'GL_NEAREST_MIPMAP_NEAREST' 'I' @780  9984 (2700)
 - public static final 'GL_LINEAR_MIPMAP_NEAREST' 'I' @784  9985 (2701)
 - public static final 'GL_NEAREST_MIPMAP_LINEAR' 'I' @788  9986 (2702)
 - public static final 'GL_LINEAR_MIPMAP_LINEAR' 'I' @792  9987 (2703)
 - public static final 'GL_TEXTURE_MAG_FILTER' 'I' @796  10240 (2800)
 - public static final 'GL_TEXTURE_MIN_FILTER' 'I' @800  10241 (2801)
 - public static final 'GL_TEXTURE_WRAP_S' 'I' @804  10242 (2802)
 - public static final 'GL_TEXTURE_WRAP_T' 'I' @808  10243 (2803)
 - public static final 'GL_REPEAT' 'I' @812  10497 (2901)
 - public static final 'GL_POLYGON_OFFSET_FACTOR' 'I' @816  32824 (8038)
 - public static final 'GL_POLYGON_OFFSET_UNITS' 'I' @820  10752 (2a00)
 - public static final 'GL_POLYGON_OFFSET_POINT' 'I' @824  10753 (2a01)
 - public static final 'GL_POLYGON_OFFSET_LINE' 'I' @828  10754 (2a02)
 - public static final 'GL_POLYGON_OFFSET_FILL' 'I' @832  32823 (8037)
 - public static final 'GL_R3_G3_B2' 'I' @836  10768 (2a10)
 - public static final 'GL_RGB4' 'I' @840  32847 (804f)
 - public static final 'GL_RGB5' 'I' @844  32848 (8050)
 - public static final 'GL_RGB8' 'I' @848  32849 (8051)
 - public static final 'GL_RGB10' 'I' @852  32850 (8052)
 - public static final 'GL_RGB12' 'I' @856  32851 (8053)
 - public static final 'GL_RGB16' 'I' @860  32852 (8054)
 - public static final 'GL_RGBA2' 'I' @864  32853 (8055)
 - public static final 'GL_RGBA4' 'I' @868  32854 (8056)
 - public static final 'GL_RGB5_A1' 'I' @872  32855 (8057)
 - public static final 'GL_RGBA8' 'I' @876  32856 (8058)
 - public static final 'GL_RGB10_A2' 'I' @880  32857 (8059)
 - public static final 'GL_RGBA12' 'I' @884  32858 (805a)
 - public static final 'GL_RGBA16' 'I' @888  32859 (805b)
 - public static final 'GL_TEXTURE_RED_SIZE' 'I' @892  32860 (805c)
 - public static final 'GL_TEXTURE_GREEN_SIZE' 'I' @896  32861 (805d)
 - public static final 'GL_TEXTURE_BLUE_SIZE' 'I' @900  32862 (805e)
 - public static final 'GL_TEXTURE_ALPHA_SIZE' 'I' @904  32863 (805f)
 - public static final 'GL_PROXY_TEXTURE_1D' 'I' @908  32867 (8063)
 - public static final 'GL_PROXY_TEXTURE_2D' 'I' @912  32868 (8064)
 - public static final 'GL_TEXTURE_BINDING_1D' 'I' @916  32872 (8068)
 - public static final 'GL_TEXTURE_BINDING_2D' 'I' @920  32873 (8069)
 - public static final 'GL_VERTEX_ARRAY' 'I' @924  32884 (8074)
R12=0x0 is NULL
R13=0x0000016ae955ad30 is pointing into metadata
R14=0x0000002fd1bff248 is pointing into the stack for thread: 0x0000016aca398c50
R15=0x0000016aca398c50 is a thread


Top of Stack: (sp=0x0000002fd1bff178)
0x0000002fd1bff178:   0000016ad942d6e1 0000016ae955ad38
0x0000002fd1bff188:   00007ffaf8d08614 0000016ad9429520
0x0000002fd1bff198:   0000016ad942d412 0000016a3f4ccccd
0x0000002fd1bff1a8:   000000003f800000 0000000000000000
0x0000002fd1bff1b8:   0000000000000000 0000016ad942d3b6
0x0000002fd1bff1c8:   0000002fd1bff1c8 0000016ae955ad30
0x0000002fd1bff1d8:   0000002fd1bff248 0000016ae9563f48
0x0000002fd1bff1e8:   0000000000000000 000000008b77aa38
0x0000002fd1bff1f8:   0000016ae955ad38 0000000000000000
0x0000002fd1bff208:   0000002fd1bff230 0000002fd1bff298
0x0000002fd1bff218:   0000016ad9429520 000000008b77aa38
0x0000002fd1bff228:   0000016ad942aff8 000000003f800000
0x0000002fd1bff238:   000000003f4ccccd 0000016a3ecccccd
0x0000002fd1bff248:   0000016a3e4ccccd 0000002fd1bff250
0x0000002fd1bff258:   0000016ae9520644 0000002fd1bff2c0
0x0000002fd1bff268:   0000016ae9549898 0000000000000000
0x0000002fd1bff278:   000000008b72c610 0000016ae9520688
0x0000002fd1bff288:   0000002fd1bff230 0000002fd1bff2a8
0x0000002fd1bff298:   0000002fd1bff310 0000016ad9429520
0x0000002fd1bff2a8:   000000003f800000 000000003f4ccccd
0x0000002fd1bff2b8:   0000016a3ecccccd 0000016a3e4ccccd
0x0000002fd1bff2c8:   0000002fd1bff2c8 0000016ae9404e2f
0x0000002fd1bff2d8:   0000002fd1bff320 0000016ae9404f98
0x0000002fd1bff2e8:   0000000000000000 000000008bb3a578
0x0000002fd1bff2f8:   0000016ae9404e88 0000002fd1bff2a8
0x0000002fd1bff308:   0000002fd1bff320 0000002fd1bff370
0x0000002fd1bff318:   0000016ad9429520 000000008bb3ade0
0x0000002fd1bff328:   0000002fd1bff328 0000016ae94049ad
0x0000002fd1bff338:   0000002fd1bff380 0000016ae9404f98
0x0000002fd1bff348:   0000000000000000 000000008bb3a578
0x0000002fd1bff358:   0000016ae94049e0 0000002fd1bff320
0x0000002fd1bff368:   0000002fd1bff380 0000002fd1bff3d0 

Instructions: (pc=0x00007ffb4639c5b9)
0x00007ffb4639c4b9:   cc cc cc cc cc cc cc 48 8b 01 49 8b c8 48 8b 50
0x00007ffb4639c4c9:   18 48 ff a2 60 0a 00 00 cc cc cc cc cc cc cc cc
0x00007ffb4639c4d9:   cc cc cc cc cc cc cc 48 8b 01 49 8b c8 48 8b 50
0x00007ffb4639c4e9:   18 48 ff a2 68 0a 00 00 cc cc cc cc cc cc cc cc
0x00007ffb4639c4f9:   cc cc cc cc cc cc cc 40 53 48 8b 01 41 8b d8 44
0x00007ffb4639c509:   8b 44 24 30 41 8b d1 4c 8b 4c 24 38 8b cb 4c 8b
0x00007ffb4639c519:   50 18 5b 49 ff a2 70 0a 00 00 cc cc cc cc cc cc
0x00007ffb4639c529:   cc cc cc cc cc cc cc 48 8b 01 41 8b c8 48 8b 50
0x00007ffb4639c539:   18 48 ff 22 cc cc cc 48 8b 01 41 8b c8 48 8b 50
0x00007ffb4639c549:   18 48 ff 62 08 cc cc 48 8b 01 41 8b d1 41 8b c8
0x00007ffb4639c559:   4c 8b 50 18 49 ff 62 38 cc cc cc cc cc cc cc cc
0x00007ffb4639c569:   cc cc cc cc cc cc cc 48 8b 01 41 8b d1 41 8b c8
0x00007ffb4639c579:   4c 8b 50 18 49 ff 62 48 cc cc cc cc cc cc cc cc
0x00007ffb4639c589:   cc cc cc cc cc cc cc 48 8b 01 41 8b c8 48 8b 50
0x00007ffb4639c599:   18 48 ff 62 60 cc cc 48 8b 01 0f 28 cb f3 0f 10
0x00007ffb4639c5a9:   5c 24 30 0f 28 c2 f3 0f 10 54 24 28 48 8b 48 18
0x00007ffb4639c5b9:   48 ff 61 70 cc cc cc 48 8b 01 0f 28 c2 48 8b 48
0x00007ffb4639c5c9:   18 48 ff 61 78 cc cc 48 8b 01 41 8b c8 48 8b 50
0x00007ffb4639c5d9:   18 48 ff a2 88 00 00 00 cc cc cc cc cc cc cc cc
0x00007ffb4639c5e9:   cc cc cc cc cc cc cc 40 53 48 8b 01 41 0f b6 d8
0x00007ffb4639c5f9:   44 0f b6 44 24 30 41 0f b6 d1 44 0f b6 4c 24 38
0x00007ffb4639c609:   0f b6 cb 4c 8b 50 18 5b 49 ff a2 98 01 00 00 cc
0x00007ffb4639c619:   cc cc cc cc cc cc cc 48 8b 01 41 8b c8 48 8b 50
0x00007ffb4639c629:   18 48 ff a2 b8 01 00 00 cc cc cc cc cc cc cc cc
0x00007ffb4639c639:   cc cc cc cc cc cc cc 48 8b 01 41 8b c8 48 8b 50
0x00007ffb4639c649:   18 48 ff a2 c8 01 00 00 cc cc cc cc cc cc cc cc
0x00007ffb4639c659:   cc cc cc cc cc cc cc 48 8b 01 41 0f b6 c8 48 8b
0x00007ffb4639c669:   50 18 48 ff a2 d0 01 00 00 cc cc cc cc cc cc cc
0x00007ffb4639c679:   cc cc cc cc cc cc cc 48 8b 01 0f 28 cb 0f 28 c2
0x00007ffb4639c689:   48 8b 48 18 48 ff a1 d8 01 00 00 cc cc cc cc cc
0x00007ffb4639c699:   cc cc cc cc cc cc cc 48 8b 01 45 8b d8 44 8b 44
0x00007ffb4639c6a9:   24 28 41 8b d1 41 8b cb 4c 8b 50 18 49 ff a2 e8 


Stack slot to memory mapping:
stack at sp + 0 slots: 0x0000016ad942d6e1 is at code_begin+993 in an Interpreter codelet
method entry point (kind = native)  [0x0000016ad942d300, 0x0000016ad942dc80]  2432 bytes
stack at sp + 1 slots: {method} {0x0000016ae955ad40} 'glClearColor' '(FFFF)V' in 'org/lwjgl/opengl/GL11C'
stack at sp + 2 slots: 0x00007ffaf8d08614 jvm.dll
stack at sp + 3 slots: 0x0000016ad9429520 is at code_begin+1152 in an Interpreter codelet
return entry points  [0x0000016ad94290a0, 0x0000016ad9429c00]  2912 bytes
stack at sp + 4 slots: 0x0000016ad942d412 is at code_begin+274 in an Interpreter codelet
method entry point (kind = native)  [0x0000016ad942d300, 0x0000016ad942dc80]  2432 bytes
stack at sp + 5 slots: 0x0000016a3f4ccccd is an unknown value
stack at sp + 6 slots: 0x000000003f800000 is an unknown value
stack at sp + 7 slots: 0x0 is NULL


---------------  P R O C E S S  ---------------

Threads class SMR info:
_java_thread_list=0x0000016ae89a1650, length=13, elements={
0x0000016aca398c50, 0x0000016ae7f9be90, 0x0000016ae7f9cff0, 0x0000016ae7fb1970,
0x0000016ae7fb2330, 0x0000016ae7fb2cf0, 0x0000016ae7fb3e50, 0x0000016ae7fb6c00,
0x0000016ae7fce320, 0x0000016ae7fced20, 0x0000016ae88425b0, 0x0000016ae88cadb0,
0x0000016ae8927aa0
}

Java Threads: ( => current thread )
=>0x0000016aca398c50 JavaThread "main" [_thread_in_native, id=53436, stack(0x0000002fd1b00000,0x0000002fd1c00000)]
  0x0000016ae7f9be90 JavaThread "Reference Handler" daemon [_thread_blocked, id=137460, stack(0x0000002fd2200000,0x0000002fd2300000)]
  0x0000016ae7f9cff0 JavaThread "Finalizer" daemon [_thread_blocked, id=5820, stack(0x0000002fd2300000,0x0000002fd2400000)]
  0x0000016ae7fb1970 JavaThread "Signal Dispatcher" daemon [_thread_blocked, id=129880, stack(0x0000002fd2400000,0x0000002fd2500000)]
  0x0000016ae7fb2330 JavaThread "Attach Listener" daemon [_thread_blocked, id=109144, stack(0x0000002fd2500000,0x0000002fd2600000)]
  0x0000016ae7fb2cf0 JavaThread "Service Thread" daemon [_thread_blocked, id=72568, stack(0x0000002fd2600000,0x0000002fd2700000)]
  0x0000016ae7fb3e50 JavaThread "Monitor Deflation Thread" daemon [_thread_blocked, id=122196, stack(0x0000002fd2700000,0x0000002fd2800000)]
  0x0000016ae7fb6c00 JavaThread "C2 CompilerThread0" daemon [_thread_blocked, id=161196, stack(0x0000002fd2800000,0x0000002fd2900000)]
  0x0000016ae7fce320 JavaThread "C1 CompilerThread0" daemon [_thread_blocked, id=146128, stack(0x0000002fd2900000,0x0000002fd2a00000)]
  0x0000016ae7fced20 JavaThread "Sweeper thread" daemon [_thread_blocked, id=177764, stack(0x0000002fd2a00000,0x0000002fd2b00000)]
  0x0000016ae88425b0 JavaThread "Common-Cleaner" daemon [_thread_blocked, id=160708, stack(0x0000002fd2b00000,0x0000002fd2c00000)]
  0x0000016ae88cadb0 JavaThread "Monitor Ctrl-Break" daemon [_thread_in_native, id=111428, stack(0x0000002fd2c00000,0x0000002fd2d00000)]
  0x0000016ae8927aa0 JavaThread "Notification Thread" daemon [_thread_blocked, id=120184, stack(0x0000002fd2d00000,0x0000002fd2e00000)]

Other Threads:
  0x0000016ae7f952a0 VMThread "VM Thread" [stack: 0x0000002fd2100000,0x0000002fd2200000] [id=101176]
  0x0000016ae8929f90 WatcherThread [stack: 0x0000002fd2e00000,0x0000002fd2f00000] [id=43128]
  0x0000016aca3f35a0 GCTaskThread "GC Thread#0" [stack: 0x0000002fd1c00000,0x0000002fd1d00000] [id=90004]
  0x0000016aca405990 ConcurrentGCThread "G1 Main Marker" [stack: 0x0000002fd1d00000,0x0000002fd1e00000] [id=87792]
  0x0000016aca4063b0 ConcurrentGCThread "G1 Conc#0" [stack: 0x0000002fd1e00000,0x0000002fd1f00000] [id=170780]
  0x0000016aca449480 ConcurrentGCThread "G1 Refine#0" [stack: 0x0000002fd1f00000,0x0000002fd2000000] [id=17520]
  0x0000016aca449b60 ConcurrentGCThread "G1 Service" [stack: 0x0000002fd2000000,0x0000002fd2100000] [id=20484]

Threads with active compile tasks:

VM state: not at safepoint (normal execution)

VM Mutex/Monitor currently owned by a thread: None

Heap address: 0x0000000084200000, size: 1982 MB, Compressed Oops mode: 32-bit

CDS archive(s) mapped at: [0x0000016a80000000-0x0000016a80bb0000-0x0000016a80bb0000), size 12255232, SharedBaseAddress: 0x0000016a80000000, ArchiveRelocationMode: 1.
Compressed class space mapped at: 0x0000016a81000000-0x0000016ac1000000, reserved size: 1073741824
Narrow klass base: 0x0000016a80000000, Narrow klass shift: 0, Narrow klass range: 0x100000000

GC Precious Log:
 CPUs: 8 total, 8 available
 Memory: 7926M
 Large Page Support: Disabled
 NUMA Support: Disabled
 Compressed Oops: Enabled (32-bit)
 Heap Region Size: 1M
 Heap Min Capacity: 8M
 Heap Initial Capacity: 124M
 Heap Max Capacity: 1982M
 Pre-touch: Disabled
 Parallel Workers: 8
 Concurrent Workers: 2
 Concurrent Refinement Workers: 8
 Periodic GC: Disabled

Heap:
 garbage-first heap   total 126976K, used 6144K [0x0000000084200000, 0x0000000100000000)
  region size 1024K, 7 young (7168K), 0 survivors (0K)
 Metaspace       used 3432K, committed 3584K, reserved 1114112K
  class space    used 246K, committed 320K, reserved 1048576K

Heap Regions: E=young(eden), S=young(survivor), O=old, HS=humongous(starts), HC=humongous(continues), CS=collection set, F=free, OA=open archive, CA=closed archive, TAMS=top-at-mark-start (previous, next)
|   0|0x0000000084200000, 0x0000000084200000, 0x0000000084300000|  0%| F|  |TAMS 0x0000000084200000, 0x0000000084200000| Untracked 
|   1|0x0000000084300000, 0x0000000084300000, 0x0000000084400000|  0%| F|  |TAMS 0x0000000084300000, 0x0000000084300000| Untracked 
|   2|0x0000000084400000, 0x0000000084400000, 0x0000000084500000|  0%| F|  |TAMS 0x0000000084400000, 0x0000000084400000| Untracked 
|   3|0x0000000084500000, 0x0000000084500000, 0x0000000084600000|  0%| F|  |TAMS 0x0000000084500000, 0x0000000084500000| Untracked 
|   4|0x0000000084600000, 0x0000000084600000, 0x0000000084700000|  0%| F|  |TAMS 0x0000000084600000, 0x0000000084600000| Untracked 
|   5|0x0000000084700000, 0x0000000084700000, 0x0000000084800000|  0%| F|  |TAMS 0x0000000084700000, 0x0000000084700000| Untracked 
|   6|0x0000000084800000, 0x0000000084800000, 0x0000000084900000|  0%| F|  |TAMS 0x0000000084800000, 0x0000000084800000| Untracked 
|   7|0x0000000084900000, 0x0000000084900000, 0x0000000084a00000|  0%| F|  |TAMS 0x0000000084900000, 0x0000000084900000| Untracked 
|   8|0x0000000084a00000, 0x0000000084a00000, 0x0000000084b00000|  0%| F|  |TAMS 0x0000000084a00000, 0x0000000084a00000| Untracked 
|   9|0x0000000084b00000, 0x0000000084b00000, 0x0000000084c00000|  0%| F|  |TAMS 0x0000000084b00000, 0x0000000084b00000| Untracked 
|  10|0x0000000084c00000, 0x0000000084c00000, 0x0000000084d00000|  0%| F|  |TAMS 0x0000000084c00000, 0x0000000084c00000| Untracked 
|  11|0x0000000084d00000, 0x0000000084d00000, 0x0000000084e00000|  0%| F|  |TAMS 0x0000000084d00000, 0x0000000084d00000| Untracked 
|  12|0x0000000084e00000, 0x0000000084e00000, 0x0000000084f00000|  0%| F|  |TAMS 0x0000000084e00000, 0x0000000084e00000| Untracked 
|  13|0x0000000084f00000, 0x0000000084f00000, 0x0000000085000000|  0%| F|  |TAMS 0x0000000084f00000, 0x0000000084f00000| Untracked 
|  14|0x0000000085000000, 0x0000000085000000, 0x0000000085100000|  0%| F|  |TAMS 0x0000000085000000, 0x0000000085000000| Untracked 
|  15|0x0000000085100000, 0x0000000085100000, 0x0000000085200000|  0%| F|  |TAMS 0x0000000085100000, 0x0000000085100000| Untracked 
|  16|0x0000000085200000, 0x0000000085200000, 0x0000000085300000|  0%| F|  |TAMS 0x0000000085200000, 0x0000000085200000| Untracked 
|  17|0x0000000085300000, 0x0000000085300000, 0x0000000085400000|  0%| F|  |TAMS 0x0000000085300000, 0x0000000085300000| Untracked 
|  18|0x0000000085400000, 0x0000000085400000, 0x0000000085500000|  0%| F|  |TAMS 0x0000000085400000, 0x0000000085400000| Untracked 
|  19|0x0000000085500000, 0x0000000085500000, 0x0000000085600000|  0%| F|  |TAMS 0x0000000085500000, 0x0000000085500000| Untracked 
|  20|0x0000000085600000, 0x0000000085600000, 0x0000000085700000|  0%| F|  |TAMS 0x0000000085600000, 0x0000000085600000| Untracked 
|  21|0x0000000085700000, 0x0000000085700000, 0x0000000085800000|  0%| F|  |TAMS 0x0000000085700000, 0x0000000085700000| Untracked 
|  22|0x0000000085800000, 0x0000000085800000, 0x0000000085900000|  0%| F|  |TAMS 0x0000000085800000, 0x0000000085800000| Untracked 
|  23|0x0000000085900000, 0x0000000085900000, 0x0000000085a00000|  0%| F|  |TAMS 0x0000000085900000, 0x0000000085900000| Untracked 
|  24|0x0000000085a00000, 0x0000000085a00000, 0x0000000085b00000|  0%| F|  |TAMS 0x0000000085a00000, 0x0000000085a00000| Untracked 
|  25|0x0000000085b00000, 0x0000000085b00000, 0x0000000085c00000|  0%| F|  |TAMS 0x0000000085b00000, 0x0000000085b00000| Untracked 
|  26|0x0000000085c00000, 0x0000000085c00000, 0x0000000085d00000|  0%| F|  |TAMS 0x0000000085c00000, 0x0000000085c00000| Untracked 
|  27|0x0000000085d00000, 0x0000000085d00000, 0x0000000085e00000|  0%| F|  |TAMS 0x0000000085d00000, 0x0000000085d00000| Untracked 
|  28|0x0000000085e00000, 0x0000000085e00000, 0x0000000085f00000|  0%| F|  |TAMS 0x0000000085e00000, 0x0000000085e00000| Untracked 
|  29|0x0000000085f00000, 0x0000000085f00000, 0x0000000086000000|  0%| F|  |TAMS 0x0000000085f00000, 0x0000000085f00000| Untracked 
|  30|0x0000000086000000, 0x0000000086000000, 0x0000000086100000|  0%| F|  |TAMS 0x0000000086000000, 0x0000000086000000| Untracked 
|  31|0x0000000086100000, 0x0000000086100000, 0x0000000086200000|  0%| F|  |TAMS 0x0000000086100000, 0x0000000086100000| Untracked 
|  32|0x0000000086200000, 0x0000000086200000, 0x0000000086300000|  0%| F|  |TAMS 0x0000000086200000, 0x0000000086200000| Untracked 
|  33|0x0000000086300000, 0x0000000086300000, 0x0000000086400000|  0%| F|  |TAMS 0x0000000086300000, 0x0000000086300000| Untracked 
|  34|0x0000000086400000, 0x0000000086400000, 0x0000000086500000|  0%| F|  |TAMS 0x0000000086400000, 0x0000000086400000| Untracked 
|  35|0x0000000086500000, 0x0000000086500000, 0x0000000086600000|  0%| F|  |TAMS 0x0000000086500000, 0x0000000086500000| Untracked 
|  36|0x0000000086600000, 0x0000000086600000, 0x0000000086700000|  0%| F|  |TAMS 0x0000000086600000, 0x0000000086600000| Untracked 
|  37|0x0000000086700000, 0x0000000086700000, 0x0000000086800000|  0%| F|  |TAMS 0x0000000086700000, 0x0000000086700000| Untracked 
|  38|0x0000000086800000, 0x0000000086800000, 0x0000000086900000|  0%| F|  |TAMS 0x0000000086800000, 0x0000000086800000| Untracked 
|  39|0x0000000086900000, 0x0000000086900000, 0x0000000086a00000|  0%| F|  |TAMS 0x0000000086900000, 0x0000000086900000| Untracked 
|  40|0x0000000086a00000, 0x0000000086a00000, 0x0000000086b00000|  0%| F|  |TAMS 0x0000000086a00000, 0x0000000086a00000| Untracked 
|  41|0x0000000086b00000, 0x0000000086b00000, 0x0000000086c00000|  0%| F|  |TAMS 0x0000000086b00000, 0x0000000086b00000| Untracked 
|  42|0x0000000086c00000, 0x0000000086c00000, 0x0000000086d00000|  0%| F|  |TAMS 0x0000000086c00000, 0x0000000086c00000| Untracked 
|  43|0x0000000086d00000, 0x0000000086d00000, 0x0000000086e00000|  0%| F|  |TAMS 0x0000000086d00000, 0x0000000086d00000| Untracked 
|  44|0x0000000086e00000, 0x0000000086e00000, 0x0000000086f00000|  0%| F|  |TAMS 0x0000000086e00000, 0x0000000086e00000| Untracked 
|  45|0x0000000086f00000, 0x0000000086f00000, 0x0000000087000000|  0%| F|  |TAMS 0x0000000086f00000, 0x0000000086f00000| Untracked 
|  46|0x0000000087000000, 0x0000000087000000, 0x0000000087100000|  0%| F|  |TAMS 0x0000000087000000, 0x0000000087000000| Untracked 
|  47|0x0000000087100000, 0x0000000087100000, 0x0000000087200000|  0%| F|  |TAMS 0x0000000087100000, 0x0000000087100000| Untracked 
|  48|0x0000000087200000, 0x0000000087200000, 0x0000000087300000|  0%| F|  |TAMS 0x0000000087200000, 0x0000000087200000| Untracked 
|  49|0x0000000087300000, 0x0000000087300000, 0x0000000087400000|  0%| F|  |TAMS 0x0000000087300000, 0x0000000087300000| Untracked 
|  50|0x0000000087400000, 0x0000000087400000, 0x0000000087500000|  0%| F|  |TAMS 0x0000000087400000, 0x0000000087400000| Untracked 
|  51|0x0000000087500000, 0x0000000087500000, 0x0000000087600000|  0%| F|  |TAMS 0x0000000087500000, 0x0000000087500000| Untracked 
|  52|0x0000000087600000, 0x0000000087600000, 0x0000000087700000|  0%| F|  |TAMS 0x0000000087600000, 0x0000000087600000| Untracked 
|  53|0x0000000087700000, 0x0000000087700000, 0x0000000087800000|  0%| F|  |TAMS 0x0000000087700000, 0x0000000087700000| Untracked 
|  54|0x0000000087800000, 0x0000000087800000, 0x0000000087900000|  0%| F|  |TAMS 0x0000000087800000, 0x0000000087800000| Untracked 
|  55|0x0000000087900000, 0x0000000087900000, 0x0000000087a00000|  0%| F|  |TAMS 0x0000000087900000, 0x0000000087900000| Untracked 
|  56|0x0000000087a00000, 0x0000000087a00000, 0x0000000087b00000|  0%| F|  |TAMS 0x0000000087a00000, 0x0000000087a00000| Untracked 
|  57|0x0000000087b00000, 0x0000000087b00000, 0x0000000087c00000|  0%| F|  |TAMS 0x0000000087b00000, 0x0000000087b00000| Untracked 
|  58|0x0000000087c00000, 0x0000000087c00000, 0x0000000087d00000|  0%| F|  |TAMS 0x0000000087c00000, 0x0000000087c00000| Untracked 
|  59|0x0000000087d00000, 0x0000000087d00000, 0x0000000087e00000|  0%| F|  |TAMS 0x0000000087d00000, 0x0000000087d00000| Untracked 
|  60|0x0000000087e00000, 0x0000000087e00000, 0x0000000087f00000|  0%| F|  |TAMS 0x0000000087e00000, 0x0000000087e00000| Untracked 
|  61|0x0000000087f00000, 0x0000000087f00000, 0x0000000088000000|  0%| F|  |TAMS 0x0000000087f00000, 0x0000000087f00000| Untracked 
|  62|0x0000000088000000, 0x0000000088000000, 0x0000000088100000|  0%| F|  |TAMS 0x0000000088000000, 0x0000000088000000| Untracked 
|  63|0x0000000088100000, 0x0000000088100000, 0x0000000088200000|  0%| F|  |TAMS 0x0000000088100000, 0x0000000088100000| Untracked 
|  64|0x0000000088200000, 0x0000000088200000, 0x0000000088300000|  0%| F|  |TAMS 0x0000000088200000, 0x0000000088200000| Untracked 
|  65|0x0000000088300000, 0x0000000088300000, 0x0000000088400000|  0%| F|  |TAMS 0x0000000088300000, 0x0000000088300000| Untracked 
|  66|0x0000000088400000, 0x0000000088400000, 0x0000000088500000|  0%| F|  |TAMS 0x0000000088400000, 0x0000000088400000| Untracked 
|  67|0x0000000088500000, 0x0000000088500000, 0x0000000088600000|  0%| F|  |TAMS 0x0000000088500000, 0x0000000088500000| Untracked 
|  68|0x0000000088600000, 0x0000000088600000, 0x0000000088700000|  0%| F|  |TAMS 0x0000000088600000, 0x0000000088600000| Untracked 
|  69|0x0000000088700000, 0x0000000088700000, 0x0000000088800000|  0%| F|  |TAMS 0x0000000088700000, 0x0000000088700000| Untracked 
|  70|0x0000000088800000, 0x0000000088800000, 0x0000000088900000|  0%| F|  |TAMS 0x0000000088800000, 0x0000000088800000| Untracked 
|  71|0x0000000088900000, 0x0000000088900000, 0x0000000088a00000|  0%| F|  |TAMS 0x0000000088900000, 0x0000000088900000| Untracked 
|  72|0x0000000088a00000, 0x0000000088a00000, 0x0000000088b00000|  0%| F|  |TAMS 0x0000000088a00000, 0x0000000088a00000| Untracked 
|  73|0x0000000088b00000, 0x0000000088b00000, 0x0000000088c00000|  0%| F|  |TAMS 0x0000000088b00000, 0x0000000088b00000| Untracked 
|  74|0x0000000088c00000, 0x0000000088c00000, 0x0000000088d00000|  0%| F|  |TAMS 0x0000000088c00000, 0x0000000088c00000| Untracked 
|  75|0x0000000088d00000, 0x0000000088d00000, 0x0000000088e00000|  0%| F|  |TAMS 0x0000000088d00000, 0x0000000088d00000| Untracked 
|  76|0x0000000088e00000, 0x0000000088e00000, 0x0000000088f00000|  0%| F|  |TAMS 0x0000000088e00000, 0x0000000088e00000| Untracked 
|  77|0x0000000088f00000, 0x0000000088f00000, 0x0000000089000000|  0%| F|  |TAMS 0x0000000088f00000, 0x0000000088f00000| Untracked 
|  78|0x0000000089000000, 0x0000000089000000, 0x0000000089100000|  0%| F|  |TAMS 0x0000000089000000, 0x0000000089000000| Untracked 
|  79|0x0000000089100000, 0x0000000089100000, 0x0000000089200000|  0%| F|  |TAMS 0x0000000089100000, 0x0000000089100000| Untracked 
|  80|0x0000000089200000, 0x0000000089200000, 0x0000000089300000|  0%| F|  |TAMS 0x0000000089200000, 0x0000000089200000| Untracked 
|  81|0x0000000089300000, 0x0000000089300000, 0x0000000089400000|  0%| F|  |TAMS 0x0000000089300000, 0x0000000089300000| Untracked 
|  82|0x0000000089400000, 0x0000000089400000, 0x0000000089500000|  0%| F|  |TAMS 0x0000000089400000, 0x0000000089400000| Untracked 
|  83|0x0000000089500000, 0x0000000089500000, 0x0000000089600000|  0%| F|  |TAMS 0x0000000089500000, 0x0000000089500000| Untracked 
|  84|0x0000000089600000, 0x0000000089600000, 0x0000000089700000|  0%| F|  |TAMS 0x0000000089600000, 0x0000000089600000| Untracked 
|  85|0x0000000089700000, 0x0000000089700000, 0x0000000089800000|  0%| F|  |TAMS 0x0000000089700000, 0x0000000089700000| Untracked 
|  86|0x0000000089800000, 0x0000000089800000, 0x0000000089900000|  0%| F|  |TAMS 0x0000000089800000, 0x0000000089800000| Untracked 
|  87|0x0000000089900000, 0x0000000089900000, 0x0000000089a00000|  0%| F|  |TAMS 0x0000000089900000, 0x0000000089900000| Untracked 
|  88|0x0000000089a00000, 0x0000000089a00000, 0x0000000089b00000|  0%| F|  |TAMS 0x0000000089a00000, 0x0000000089a00000| Untracked 
|  89|0x0000000089b00000, 0x0000000089b00000, 0x0000000089c00000|  0%| F|  |TAMS 0x0000000089b00000, 0x0000000089b00000| Untracked 
|  90|0x0000000089c00000, 0x0000000089c00000, 0x0000000089d00000|  0%| F|  |TAMS 0x0000000089c00000, 0x0000000089c00000| Untracked 
|  91|0x0000000089d00000, 0x0000000089d00000, 0x0000000089e00000|  0%| F|  |TAMS 0x0000000089d00000, 0x0000000089d00000| Untracked 
|  92|0x0000000089e00000, 0x0000000089e00000, 0x0000000089f00000|  0%| F|  |TAMS 0x0000000089e00000, 0x0000000089e00000| Untracked 
|  93|0x0000000089f00000, 0x0000000089f00000, 0x000000008a000000|  0%| F|  |TAMS 0x0000000089f00000, 0x0000000089f00000| Untracked 
|  94|0x000000008a000000, 0x000000008a000000, 0x000000008a100000|  0%| F|  |TAMS 0x000000008a000000, 0x000000008a000000| Untracked 
|  95|0x000000008a100000, 0x000000008a100000, 0x000000008a200000|  0%| F|  |TAMS 0x000000008a100000, 0x000000008a100000| Untracked 
|  96|0x000000008a200000, 0x000000008a200000, 0x000000008a300000|  0%| F|  |TAMS 0x000000008a200000, 0x000000008a200000| Untracked 
|  97|0x000000008a300000, 0x000000008a300000, 0x000000008a400000|  0%| F|  |TAMS 0x000000008a300000, 0x000000008a300000| Untracked 
|  98|0x000000008a400000, 0x000000008a400000, 0x000000008a500000|  0%| F|  |TAMS 0x000000008a400000, 0x000000008a400000| Untracked 
|  99|0x000000008a500000, 0x000000008a500000, 0x000000008a600000|  0%| F|  |TAMS 0x000000008a500000, 0x000000008a500000| Untracked 
| 100|0x000000008a600000, 0x000000008a600000, 0x000000008a700000|  0%| F|  |TAMS 0x000000008a600000, 0x000000008a600000| Untracked 
| 101|0x000000008a700000, 0x000000008a700000, 0x000000008a800000|  0%| F|  |TAMS 0x000000008a700000, 0x000000008a700000| Untracked 
| 102|0x000000008a800000, 0x000000008a800000, 0x000000008a900000|  0%| F|  |TAMS 0x000000008a800000, 0x000000008a800000| Untracked 
| 103|0x000000008a900000, 0x000000008a900000, 0x000000008aa00000|  0%| F|  |TAMS 0x000000008a900000, 0x000000008a900000| Untracked 
| 104|0x000000008aa00000, 0x000000008aa00000, 0x000000008ab00000|  0%| F|  |TAMS 0x000000008aa00000, 0x000000008aa00000| Untracked 
| 105|0x000000008ab00000, 0x000000008ab00000, 0x000000008ac00000|  0%| F|  |TAMS 0x000000008ab00000, 0x000000008ab00000| Untracked 
| 106|0x000000008ac00000, 0x000000008ac00000, 0x000000008ad00000|  0%| F|  |TAMS 0x000000008ac00000, 0x000000008ac00000| Untracked 
| 107|0x000000008ad00000, 0x000000008ad00000, 0x000000008ae00000|  0%| F|  |TAMS 0x000000008ad00000, 0x000000008ad00000| Untracked 
| 108|0x000000008ae00000, 0x000000008ae00000, 0x000000008af00000|  0%| F|  |TAMS 0x000000008ae00000, 0x000000008ae00000| Untracked 
| 109|0x000000008af00000, 0x000000008af00000, 0x000000008b000000|  0%| F|  |TAMS 0x000000008af00000, 0x000000008af00000| Untracked 
| 110|0x000000008b000000, 0x000000008b000000, 0x000000008b100000|  0%| F|  |TAMS 0x000000008b000000, 0x000000008b000000| Untracked 
| 111|0x000000008b100000, 0x000000008b100000, 0x000000008b200000|  0%| F|  |TAMS 0x000000008b100000, 0x000000008b100000| Untracked 
| 112|0x000000008b200000, 0x000000008b200000, 0x000000008b300000|  0%| F|  |TAMS 0x000000008b200000, 0x000000008b200000| Untracked 
| 113|0x000000008b300000, 0x000000008b300000, 0x000000008b400000|  0%| F|  |TAMS 0x000000008b300000, 0x000000008b300000| Untracked 
| 114|0x000000008b400000, 0x000000008b400000, 0x000000008b500000|  0%| F|  |TAMS 0x000000008b400000, 0x000000008b400000| Untracked 
| 115|0x000000008b500000, 0x000000008b500000, 0x000000008b600000|  0%| F|  |TAMS 0x000000008b500000, 0x000000008b500000| Untracked 
| 116|0x000000008b600000, 0x000000008b600000, 0x000000008b700000|  0%| F|  |TAMS 0x000000008b600000, 0x000000008b600000| Untracked 
| 117|0x000000008b700000, 0x000000008b7912a0, 0x000000008b800000| 56%| E|  |TAMS 0x000000008b700000, 0x000000008b700000| Complete 
| 118|0x000000008b800000, 0x000000008b900000, 0x000000008b900000|100%| E|CS|TAMS 0x000000008b800000, 0x000000008b800000| Complete 
| 119|0x000000008b900000, 0x000000008ba00000, 0x000000008ba00000|100%| E|CS|TAMS 0x000000008b900000, 0x000000008b900000| Complete 
| 120|0x000000008ba00000, 0x000000008bb00000, 0x000000008bb00000|100%| E|CS|TAMS 0x000000008ba00000, 0x000000008ba00000| Complete 
| 121|0x000000008bb00000, 0x000000008bc00000, 0x000000008bc00000|100%| E|CS|TAMS 0x000000008bb00000, 0x000000008bb00000| Complete 
| 122|0x000000008bc00000, 0x000000008bd00000, 0x000000008bd00000|100%| E|CS|TAMS 0x000000008bc00000, 0x000000008bc00000| Complete 
| 123|0x000000008bd00000, 0x000000008be00000, 0x000000008be00000|100%| E|CS|TAMS 0x000000008bd00000, 0x000000008bd00000| Complete 

Card table byte_map: [0x0000016ae1600000,0x0000016ae19e0000] _byte_map_base: 0x0000016ae11df000

Marking Bits (Prev, Next): (CMBitMap*) 0x0000016aca3f4bd0, (CMBitMap*) 0x0000016aca3f4c10
 Prev Bits: [0x0000016ae1dc0000, 0x0000016ae3cb8000)
 Next Bits: [0x0000016ae3cc0000, 0x0000016ae5bb8000)

Polling page: 0x0000016ac8250000

Metaspace:

Usage:
  Non-class:      3.11 MB used.
      Class:    246.81 KB used.
       Both:      3.35 MB used.

Virtual space:
  Non-class space:       64.00 MB reserved,       3.19 MB (  5%) committed,  1 nodes.
      Class space:        1.00 GB reserved,     320.00 KB ( <1%) committed,  1 nodes.
             Both:        1.06 GB reserved,       3.50 MB ( <1%) committed. 

Chunk freelists:
   Non-Class:  10.59 MB
       Class:  15.66 MB
        Both:  26.25 MB

MaxMetaspaceSize: unlimited
CompressedClassSpaceSize: 1.00 GB
Initial GC threshold: 21.00 MB
Current GC threshold: 21.00 MB
CDS: on
MetaspaceReclaimPolicy: balanced
 - commit_granule_bytes: 65536.
 - commit_granule_words: 8192.
 - virtual_space_node_default_size: 8388608.
 - enlarge_chunks_in_place: 1.
 - new_chunks_are_fully_committed: 0.
 - uncommit_free_chunks: 1.
 - use_allocation_guard: 0.
 - handle_deallocations: 1.


Internal statistics:

num_allocs_failed_limit: 0.
num_arena_births: 62.
num_arena_deaths: 0.
num_vsnodes_births: 2.
num_vsnodes_deaths: 0.
num_space_committed: 56.
num_space_uncommitted: 0.
num_chunks_returned_to_freelist: 0.
num_chunks_taken_from_freelist: 132.
num_chunk_merges: 0.
num_chunk_splits: 90.
num_chunks_enlarged: 64.
num_inconsistent_stats: 0.

CodeHeap 'non-profiled nmethods': size=120000Kb used=206Kb max_used=206Kb free=119794Kb
 bounds [0x0000016ad99c0000, 0x0000016ad9c30000, 0x0000016ae0ef0000]
CodeHeap 'profiled nmethods': size=120000Kb used=841Kb max_used=841Kb free=119159Kb
 bounds [0x0000016ad1ef0000, 0x0000016ad2160000, 0x0000016ad9420000]
CodeHeap 'non-nmethods': size=5760Kb used=1600Kb max_used=1614Kb free=4159Kb
 bounds [0x0000016ad9420000, 0x0000016ad9690000, 0x0000016ad99c0000]
 total_blobs=1629 nmethods=612 adapters=930
 compilation: enabled
              stopped_count=0, restarted_count=0
 full_count=0

Compilation events (20 events):
Event: 0.923 Thread 0x0000016ae7fce320  603       1       java.lang.NamedPackage::module (5 bytes)
Event: 0.923 Thread 0x0000016ae7fce320 nmethod 603 0x0000016ad99f3210 code [0x0000016ad99f33a0, 0x0000016ad99f3478]
Event: 0.924 Thread 0x0000016ae7fce320  604       3       jdk.internal.module.SystemModuleFinders$SystemModuleReader::find (59 bytes)
Event: 0.925 Thread 0x0000016ae7fce320 nmethod 604 0x0000016ad1fbe890 code [0x0000016ad1fbeb40, 0x0000016ad1fbf768]
Event: 0.925 Thread 0x0000016ae7fce320  605       3       jdk.internal.module.SystemModuleFinders$SystemModuleReader::containsImageLocation (42 bytes)
Event: 0.925 Thread 0x0000016ae7fce320 nmethod 605 0x0000016ad1fbfc10 code [0x0000016ad1fbfe20, 0x0000016ad1fc04d8]
Event: 0.925 Thread 0x0000016ae7fce320  606       3       jdk.internal.module.SystemModuleFinders$SystemImage::reader (4 bytes)
Event: 0.925 Thread 0x0000016ae7fce320 nmethod 606 0x0000016ad1fc0790 code [0x0000016ad1fc0920, 0x0000016ad1fc0a18]
Event: 0.925 Thread 0x0000016ae7fce320  607       3       jdk.internal.jimage.ImageReader::verifyLocation (14 bytes)
Event: 0.925 Thread 0x0000016ae7fce320 nmethod 607 0x0000016ad1fc0a90 code [0x0000016ad1fc0c60, 0x0000016ad1fc0fb8]
Event: 0.925 Thread 0x0000016ae7fce320  608       3       jdk.internal.jimage.ImageReader::requireOpen (18 bytes)
Event: 0.925 Thread 0x0000016ae7fce320 nmethod 608 0x0000016ad1fc1110 code [0x0000016ad1fc12c0, 0x0000016ad1fc14e8]
Event: 0.925 Thread 0x0000016ae7fce320  609       3       jdk.internal.jimage.BasicImageReader::verifyLocation (39 bytes)
Event: 0.926 Thread 0x0000016ae7fce320 nmethod 609 0x0000016ad1fc1610 code [0x0000016ad1fc17e0, 0x0000016ad1fc1aa8]
Event: 0.927 Thread 0x0000016ae7fce320  610       3       sun.misc.Unsafe::putLong (11 bytes)
Event: 0.927 Thread 0x0000016ae7fce320 nmethod 610 0x0000016ad1fc1c10 code [0x0000016ad1fc1da0, 0x0000016ad1fc1eb8]
Event: 0.927 Thread 0x0000016ae7fce320  611       3       org.lwjgl.system.MemoryUtil::memPutAddress (29 bytes)
Event: 0.927 Thread 0x0000016ae7fb6c00  612       4       sun.misc.Unsafe::putLong (11 bytes)
Event: 0.927 Thread 0x0000016ae7fce320 nmethod 611 0x0000016ad1fc1f90 code [0x0000016ad1fc2140, 0x0000016ad1fc2338]
Event: 0.927 Thread 0x0000016ae7fb6c00 nmethod 612 0x0000016ad99f3510 code [0x0000016ad99f3680, 0x0000016ad99f3718]

GC Heap History (0 events):
No events

Dll operation events (11 events):
Event: 0.034 Loaded shared library C:\Program Files\Eclipse Adoptium\jdk-17.0.15.6-hotspot\bin\java.dll
Event: 0.058 Loaded shared library C:\Program Files\Eclipse Adoptium\jdk-17.0.15.6-hotspot\bin\jsvml.dll
Event: 0.131 Loaded shared library C:\Program Files\Eclipse Adoptium\jdk-17.0.15.6-hotspot\bin\zip.dll
Event: 0.136 Loaded shared library C:\Program Files\Eclipse Adoptium\jdk-17.0.15.6-hotspot\bin\instrument.dll
Event: 0.142 Loaded shared library C:\Program Files\Eclipse Adoptium\jdk-17.0.15.6-hotspot\bin\net.dll
Event: 0.144 Loaded shared library C:\Program Files\Eclipse Adoptium\jdk-17.0.15.6-hotspot\bin\nio.dll
Event: 0.149 Loaded shared library C:\Program Files\Eclipse Adoptium\jdk-17.0.15.6-hotspot\bin\zip.dll
Event: 0.190 Loaded shared library C:\Program Files\Eclipse Adoptium\jdk-17.0.15.6-hotspot\bin\extnet.dll
Event: 0.231 Loaded shared library C:\Program Files\Eclipse Adoptium\jdk-17.0.15.6-hotspot\bin\jimage.dll
Event: 0.265 Loaded shared library C:\Users\Dell\AppData\Local\Temp\lwjgl_Dell\3.3.3+5\x64\lwjgl.dll
Event: 0.913 Loaded shared library C:\Users\Dell\AppData\Local\Temp\lwjgl_Dell\3.3.3+5\x64\lwjgl_opengl.dll

Deoptimization events (20 events):
Event: 0.366 Thread 0x0000016aca398c50 DEOPT PACKING pc=0x0000016ad1f78d9c sp=0x0000002fd1bfdfc0
Event: 0.366 Thread 0x0000016aca398c50 DEOPT UNPACKING pc=0x0000016ad947ace3 sp=0x0000002fd1bfd438 mode 0
Event: 0.366 Thread 0x0000016aca398c50 DEOPT PACKING pc=0x0000016ad1f78d9c sp=0x0000002fd1bfdfc0
Event: 0.366 Thread 0x0000016aca398c50 DEOPT UNPACKING pc=0x0000016ad947ace3 sp=0x0000002fd1bfd438 mode 0
Event: 0.366 Thread 0x0000016aca398c50 DEOPT PACKING pc=0x0000016ad1f78d9c sp=0x0000002fd1bfdfc0
Event: 0.366 Thread 0x0000016aca398c50 DEOPT UNPACKING pc=0x0000016ad947ace3 sp=0x0000002fd1bfd438 mode 0
Event: 0.366 Thread 0x0000016aca398c50 DEOPT PACKING pc=0x0000016ad1f78eab sp=0x0000002fd1bfdfc0
Event: 0.366 Thread 0x0000016aca398c50 DEOPT UNPACKING pc=0x0000016ad947ace3 sp=0x0000002fd1bfd438 mode 0
Event: 0.366 Thread 0x0000016aca398c50 DEOPT PACKING pc=0x0000016ad1f78d9c sp=0x0000002fd1bfdfc0
Event: 0.366 Thread 0x0000016aca398c50 DEOPT UNPACKING pc=0x0000016ad947ace3 sp=0x0000002fd1bfd438 mode 0
Event: 0.366 Thread 0x0000016aca398c50 DEOPT PACKING pc=0x0000016ad1f78d9c sp=0x0000002fd1bfdfc0
Event: 0.366 Thread 0x0000016aca398c50 DEOPT UNPACKING pc=0x0000016ad947ace3 sp=0x0000002fd1bfd438 mode 0
Event: 0.366 Thread 0x0000016aca398c50 DEOPT PACKING pc=0x0000016ad1f78d9c sp=0x0000002fd1bfdfc0
Event: 0.366 Thread 0x0000016aca398c50 DEOPT UNPACKING pc=0x0000016ad947ace3 sp=0x0000002fd1bfd438 mode 0
Event: 0.366 Thread 0x0000016aca398c50 DEOPT PACKING pc=0x0000016ad1f78d9c sp=0x0000002fd1bfdfc0
Event: 0.366 Thread 0x0000016aca398c50 DEOPT UNPACKING pc=0x0000016ad947ace3 sp=0x0000002fd1bfd438 mode 0
Event: 0.366 Thread 0x0000016aca398c50 DEOPT PACKING pc=0x0000016ad1f78eab sp=0x0000002fd1bfdfc0
Event: 0.366 Thread 0x0000016aca398c50 DEOPT UNPACKING pc=0x0000016ad947ace3 sp=0x0000002fd1bfd438 mode 0
Event: 0.367 Thread 0x0000016aca398c50 DEOPT PACKING pc=0x0000016ad1f78d9c sp=0x0000002fd1bfdfc0
Event: 0.367 Thread 0x0000016aca398c50 DEOPT UNPACKING pc=0x0000016ad947ace3 sp=0x0000002fd1bfd438 mode 0

Classes loaded (20 events):
Event: 0.324 Loading class jdk/internal/reflect/UnsafeQualifiedStaticObjectFieldAccessorImpl
Event: 0.324 Loading class jdk/internal/reflect/UnsafeQualifiedStaticFieldAccessorImpl
Event: 0.324 Loading class jdk/internal/reflect/UnsafeQualifiedStaticFieldAccessorImpl done
Event: 0.324 Loading class jdk/internal/reflect/UnsafeQualifiedStaticObjectFieldAccessorImpl done
Event: 0.326 Loading class java/util/function/LongPredicate
Event: 0.326 Loading class java/util/function/LongPredicate done
Event: 0.329 Loading class jdk/internal/access/foreign/MemorySegmentProxy
Event: 0.329 Loading class jdk/internal/access/foreign/MemorySegmentProxy done
Event: 0.334 Loading class java/nio/InvalidMarkException
Event: 0.334 Loading class java/nio/InvalidMarkException done
Event: 0.334 Loading class java/nio/BufferUnderflowException
Event: 0.334 Loading class java/nio/BufferUnderflowException done
Event: 0.343 Loading class java/util/Formatter$FixedString
Event: 0.343 Loading class java/util/Formatter$FixedString done
Event: 0.355 Loading class java/lang/NoSuchFieldError
Event: 0.355 Loading class java/lang/NoSuchFieldError done
Event: 0.367 Loading class jdk/internal/reflect/UnsafeQualifiedStaticIntegerFieldAccessorImpl
Event: 0.367 Loading class jdk/internal/reflect/UnsafeQualifiedStaticIntegerFieldAccessorImpl done
Event: 0.906 Loading class jdk/internal/misc/ScopedMemoryAccess$Scope
Event: 0.907 Loading class jdk/internal/misc/ScopedMemoryAccess$Scope done

Classes unloaded (0 events):
No events

Classes redefined (0 events):
No events

Internal exceptions (20 events):
Event: 0.179 Thread 0x0000016ae88cadb0 Exception <a 'java/lang/NoSuchMethodError'{0x000000008bb86e68}: 'java.lang.Object java.lang.invoke.DirectMethodHandle$Holder.invokeStaticInit(java.lang.Object)'> (0x000000008bb86e68) 
thrown [s\src\hotspot\share\interpreter\linkResolver.cpp, line 759]
Event: 0.192 Thread 0x0000016ae88cadb0 Exception <a 'java/lang/NoSuchMethodError'{0x000000008bb95898}: 'void java.lang.invoke.DirectMethodHandle$Holder.invokeStatic(java.lang.Object, java.lang.Object)'> (0x000000008bb95898) 
thrown [s\src\hotspot\share\interpreter\linkResolver.cpp, line 759]
Event: 0.217 Thread 0x0000016aca398c50 Exception <a 'java/lang/NoSuchMethodError'{0x000000008ba6f9c8}: 'void java.lang.invoke.DirectMethodHandle$Holder.invokeSpecial(java.lang.Object, java.lang.Object, java.lang.Object)'> (0x000000008ba6f9c8) 
thrown [s\src\hotspot\share\interpreter\linkResolver.cpp, line 759]
Event: 0.220 Thread 0x0000016aca398c50 Exception <a 'java/lang/NoSuchMethodError'{0x000000008ba829b8}: 'java.lang.Object java.lang.invoke.DirectMethodHandle$Holder.invokeStatic(java.lang.Object, java.lang.Object, int)'> (0x000000008ba829b8) 
thrown [s\src\hotspot\share\interpreter\linkResolver.cpp, line 759]
Event: 0.222 Thread 0x0000016aca398c50 Exception <a 'java/lang/NoSuchMethodError'{0x000000008ba8e728}: 'void java.lang.invoke.DelegatingMethodHandle$Holder.delegate(java.lang.Object, java.lang.Object, int, java.lang.Object)'> (0x000000008ba8e728) 
thrown [s\src\hotspot\share\interpreter\linkResolver.cpp, line 759]
Event: 0.222 Thread 0x0000016aca398c50 Exception <a 'java/lang/NoSuchMethodError'{0x000000008ba92760}: 'int java.lang.invoke.DirectMethodHandle$Holder.invokeSpecial(java.lang.Object, java.lang.Object, java.lang.Object)'> (0x000000008ba92760) 
thrown [s\src\hotspot\share\interpreter\linkResolver.cpp, line 759]
Event: 0.259 Thread 0x0000016aca398c50 Exception <a 'sun/nio/fs/WindowsException'{0x000000008badd4c0}> (0x000000008badd4c0) 
thrown [s\src\hotspot\share\prims\jni.cpp, line 516]
Event: 0.260 Thread 0x0000016aca398c50 Exception <a 'sun/nio/fs/WindowsException'{0x000000008badda00}> (0x000000008badda00) 
thrown [s\src\hotspot\share\prims\jni.cpp, line 516]
Event: 0.327 Thread 0x0000016aca398c50 Exception <a 'java/lang/NoSuchMethodError'{0x000000008b9793c0}: 'int java.lang.invoke.DirectMethodHandle$Holder.invokeStaticInit(java.lang.Object, java.lang.Object, int, long)'> (0x000000008b9793c0) 
thrown [s\src\hotspot\share\interpreter\linkResolver.cpp, line 759]
Event: 0.328 Thread 0x0000016aca398c50 Exception <a 'java/lang/NoSuchMethodError'{0x000000008b97ec88}: 'java.lang.Object java.lang.invoke.DirectMethodHandle$Holder.newInvokeSpecial(java.lang.Object, java.lang.Object, int)'> (0x000000008b97ec88) 
thrown [s\src\hotspot\share\interpreter\linkResolver.cpp, line 759]
Event: 0.331 Thread 0x0000016aca398c50 Exception <a 'java/lang/NoSuchMethodError'{0x000000008b98d828}: 'int java.lang.invoke.DirectMethodHandle$Holder.invokeStaticInit(java.lang.Object, java.lang.Object, long, long)'> (0x000000008b98d828) 
thrown [s\src\hotspot\share\interpreter\linkResolver.cpp, line 759]
Event: 0.331 Thread 0x0000016aca398c50 Exception <a 'java/lang/NoSuchMethodError'{0x000000008b993938}: 'java.lang.Object java.lang.invoke.DirectMethodHandle$Holder.newInvokeSpecial(java.lang.Object, java.lang.Object, long)'> (0x000000008b993938) 
thrown [s\src\hotspot\share\interpreter\linkResolver.cpp, line 759]
Event: 0.332 Thread 0x0000016aca398c50 Exception <a 'java/lang/NoSuchMethodError'{0x000000008b997980}: 'java.lang.Object java.lang.invoke.Invokers$Holder.linkToTargetMethod(java.lang.Object, long, java.lang.Object)'> (0x000000008b997980) 
thrown [s\src\hotspot\share\interpreter\linkResolver.cpp, line 759]
Event: 0.333 Thread 0x0000016aca398c50 Exception <a 'java/lang/NoSuchMethodError'{0x000000008b99f100}: 'int java.lang.invoke.DirectMethodHandle$Holder.invokeStaticInit(java.lang.Object, java.lang.Object, java.lang.Object, long)'> (0x000000008b99f100) 
thrown [s\src\hotspot\share\interpreter\linkResolver.cpp, line 759]
Event: 0.354 Thread 0x0000016aca398c50 Exception <a 'sun/nio/fs/WindowsException'{0x000000008b840d60}> (0x000000008b840d60) 
thrown [s\src\hotspot\share\prims\jni.cpp, line 516]
Event: 0.354 Thread 0x0000016aca398c50 Exception <a 'sun/nio/fs/WindowsException'{0x000000008b8410b8}> (0x000000008b8410b8) 
thrown [s\src\hotspot\share\prims\jni.cpp, line 516]
Event: 0.909 Thread 0x0000016aca398c50 Exception <a 'sun/nio/fs/WindowsException'{0x000000008b756170}> (0x000000008b756170) 
thrown [s\src\hotspot\share\prims\jni.cpp, line 516]
Event: 0.910 Thread 0x0000016aca398c50 Exception <a 'sun/nio/fs/WindowsException'{0x000000008b756500}> (0x000000008b756500) 
thrown [s\src\hotspot\share\prims\jni.cpp, line 516]
Event: 0.924 Thread 0x0000016aca398c50 Exception <a 'sun/nio/fs/WindowsException'{0x000000008b75f618}> (0x000000008b75f618) 
thrown [s\src\hotspot\share\prims\jni.cpp, line 516]
Event: 0.925 Thread 0x0000016aca398c50 Exception <a 'sun/nio/fs/WindowsException'{0x000000008b75f8e8}> (0x000000008b75f8e8) 
thrown [s\src\hotspot\share\prims\jni.cpp, line 516]

VM Operations (4 events):
Event: 0.118 Executing VM operation: HandshakeAllThreads
Event: 0.118 Executing VM operation: HandshakeAllThreads done
Event: 0.177 Executing VM operation: HandshakeAllThreads
Event: 0.178 Executing VM operation: HandshakeAllThreads done

Memory protections (0 events):
No events

Nmethod flushes (0 events):
No events

Events (13 events):
Event: 0.058 Thread 0x0000016aca398c50 Thread added: 0x0000016aca398c50
Event: 0.063 Thread 0x0000016aca398c50 Thread added: 0x0000016ae7f9be90
Event: 0.063 Thread 0x0000016aca398c50 Thread added: 0x0000016ae7f9cff0
Event: 0.079 Thread 0x0000016aca398c50 Thread added: 0x0000016ae7fb1970
Event: 0.079 Thread 0x0000016aca398c50 Thread added: 0x0000016ae7fb2330
Event: 0.079 Thread 0x0000016aca398c50 Thread added: 0x0000016ae7fb2cf0
Event: 0.079 Thread 0x0000016aca398c50 Thread added: 0x0000016ae7fb3e50
Event: 0.079 Thread 0x0000016aca398c50 Thread added: 0x0000016ae7fb6c00
Event: 0.079 Thread 0x0000016aca398c50 Thread added: 0x0000016ae7fce320
Event: 0.079 Thread 0x0000016aca398c50 Thread added: 0x0000016ae7fced20
Event: 0.109 Thread 0x0000016aca398c50 Thread added: 0x0000016ae88425b0
Event: 0.174 Thread 0x0000016aca398c50 Thread added: 0x0000016ae88cadb0
Event: 0.174 Thread 0x0000016aca398c50 Thread added: 0x0000016ae8927aa0


Dynamic libraries:
0x00007ff65e480000 - 0x00007ff65e48e000 	C:\Program Files\Eclipse Adoptium\jdk-17.0.15.6-hotspot\bin\java.exe
0x00007ffb6e800000 - 0x00007ffb6ea67000 	C:\WINDOWS\SYSTEM32\ntdll.dll
0x00007ffb6cde0000 - 0x00007ffb6cea9000 	C:\WINDOWS\System32\KERNEL32.DLL
0x00007ffb6b3c0000 - 0x00007ffb6b7b4000 	C:\WINDOWS\System32\KERNELBASE.dll
0x00007ffb6c280000 - 0x00007ffb6c3cb000 	C:\WINDOWS\System32\ucrtbase.dll
0x00007ffb5b930000 - 0x00007ffb5b94e000 	C:\Program Files\Eclipse Adoptium\jdk-17.0.15.6-hotspot\bin\VCRUNTIME140.dll
0x00007ffb5b910000 - 0x00007ffb5b927000 	C:\Program Files\Eclipse Adoptium\jdk-17.0.15.6-hotspot\bin\jli.dll
0x00007ffb6dd50000 - 0x00007ffb6df15000 	C:\WINDOWS\System32\USER32.dll
0x00007ffb6c250000 - 0x00007ffb6c277000 	C:\WINDOWS\System32\win32u.dll
0x00007ffb4f270000 - 0x00007ffb4f503000 	C:\WINDOWS\WinSxS\amd64_microsoft.windows.common-controls_6595b64144ccf1df_6.0.26100.8115_none_3e075c82e3354f9c\COMCTL32.dll
0x00007ffb6ca10000 - 0x00007ffb6ca3b000 	C:\WINDOWS\System32\GDI32.dll
0x00007ffb6e0a0000 - 0x00007ffb6e149000 	C:\WINDOWS\System32\msvcrt.dll
0x00007ffb6c3d0000 - 0x00007ffb6c4fb000 	C:\WINDOWS\System32\gdi32full.dll
0x00007ffb6b880000 - 0x00007ffb6b923000 	C:\WINDOWS\System32\msvcp_win.dll
0x00007ffb6dc50000 - 0x00007ffb6dc82000 	C:\WINDOWS\System32\IMM32.DLL
0x00007ffb5ca10000 - 0x00007ffb5ca1c000 	C:\Program Files\Eclipse Adoptium\jdk-17.0.15.6-hotspot\bin\vcruntime140_1.dll
0x00007ffb54360000 - 0x00007ffb543ed000 	C:\Program Files\Eclipse Adoptium\jdk-17.0.15.6-hotspot\bin\msvcp140.dll
0x00007ffaf86e0000 - 0x00007ffaf934b000 	C:\Program Files\Eclipse Adoptium\jdk-17.0.15.6-hotspot\bin\server\jvm.dll
0x00007ffb6c950000 - 0x00007ffb6ca06000 	C:\WINDOWS\System32\ADVAPI32.dll
0x00007ffb6cd30000 - 0x00007ffb6cdd7000 	C:\WINDOWS\System32\sechost.dll
0x00007ffb6df20000 - 0x00007ffb6e038000 	C:\WINDOWS\System32\RPCRT4.dll
0x00007ffb6cf90000 - 0x00007ffb6d010000 	C:\WINDOWS\System32\WS2_32.dll
0x00007ffb6af30000 - 0x00007ffb6af8e000 	C:\WINDOWS\SYSTEM32\POWRPROF.dll
0x00007ffb59ed0000 - 0x00007ffb59edb000 	C:\WINDOWS\SYSTEM32\VERSION.dll
0x00007ffb632e0000 - 0x00007ffb63316000 	C:\WINDOWS\SYSTEM32\WINMM.dll
0x00007ffb6af10000 - 0x00007ffb6af24000 	C:\WINDOWS\SYSTEM32\UMPDC.dll
0x00007ffb69e60000 - 0x00007ffb69e7b000 	C:\WINDOWS\SYSTEM32\kernel.appcore.dll
0x00007ffb5bf20000 - 0x00007ffb5bf2a000 	C:\Program Files\Eclipse Adoptium\jdk-17.0.15.6-hotspot\bin\jimage.dll
0x00007ffb68c50000 - 0x00007ffb68e92000 	C:\WINDOWS\SYSTEM32\DBGHELP.DLL
0x00007ffb6e430000 - 0x00007ffb6e7b2000 	C:\WINDOWS\System32\combase.dll
0x00007ffb6ceb0000 - 0x00007ffb6cf88000 	C:\WINDOWS\System32\OLEAUT32.dll
0x00007ffb4a7b0000 - 0x00007ffb4a7eb000 	C:\WINDOWS\SYSTEM32\dbgcore.DLL
0x00007ffb6b930000 - 0x00007ffb6b9d5000 	C:\WINDOWS\System32\bcryptPrimitives.dll
0x00007ffb5ca00000 - 0x00007ffb5ca0e000 	C:\Program Files\Eclipse Adoptium\jdk-17.0.15.6-hotspot\bin\instrument.dll
0x00007ffb5a3b0000 - 0x00007ffb5a3d5000 	C:\Program Files\Eclipse Adoptium\jdk-17.0.15.6-hotspot\bin\java.dll
0x00007ffb078b0000 - 0x00007ffb07987000 	C:\Program Files\Eclipse Adoptium\jdk-17.0.15.6-hotspot\bin\jsvml.dll
0x00007ffb6d4b0000 - 0x00007ffb6dc17000 	C:\WINDOWS\System32\SHELL32.dll
0x00007ffb6b250000 - 0x00007ffb6b3ba000 	C:\WINDOWS\System32\wintypes.dll
0x00007ffb6b9e0000 - 0x00007ffb6c248000 	C:\WINDOWS\System32\windows.storage.dll
0x00007ffb6e1d0000 - 0x00007ffb6e2c8000 	C:\WINDOWS\System32\SHCORE.dll
0x00007ffb6c610000 - 0x00007ffb6c676000 	C:\WINDOWS\System32\shlwapi.dll
0x00007ffb6aff0000 - 0x00007ffb6b019000 	C:\WINDOWS\SYSTEM32\profapi.dll
0x00007ffb542d0000 - 0x00007ffb542e8000 	C:\Program Files\Eclipse Adoptium\jdk-17.0.15.6-hotspot\bin\zip.dll
0x00007ffb5b5b0000 - 0x00007ffb5b5c9000 	C:\Program Files\Eclipse Adoptium\jdk-17.0.15.6-hotspot\bin\net.dll
0x00007ffb5c200000 - 0x00007ffb5c32d000 	C:\WINDOWS\SYSTEM32\WINHTTP.dll
0x00007ffb6a3d0000 - 0x00007ffb6a43c000 	C:\WINDOWS\system32\mswsock.dll
0x00007ffb58ed0000 - 0x00007ffb58ee6000 	C:\Program Files\Eclipse Adoptium\jdk-17.0.15.6-hotspot\bin\nio.dll
0x00007ffb5ca30000 - 0x00007ffb5ca39000 	C:\Program Files\Eclipse Adoptium\jdk-17.0.15.6-hotspot\bin\extnet.dll
0x00007ffb53750000 - 0x00007ffb537cb000 	C:\Users\Dell\AppData\Local\Temp\lwjgl_Dell\3.3.3+5\x64\lwjgl.dll
0x00007ffb46190000 - 0x00007ffb46212000 	C:\Users\Dell\AppData\Local\Temp\lwjgl_Dell\3.3.3+5\x64\glfw.dll
0x00007ffb46eb0000 - 0x00007ffb46efb000 	C:\WINDOWS\SYSTEM32\dinput8.dll
0x00007ffb50530000 - 0x00007ffb5054e000 	C:\WINDOWS\SYSTEM32\xinput1_4.dll
0x00007ffb6ac70000 - 0x00007ffb6ac9d000 	C:\WINDOWS\SYSTEM32\DEVOBJ.dll
0x00007ffb6ac10000 - 0x00007ffb6ac61000 	C:\WINDOWS\SYSTEM32\cfgmgr32.dll
0x00007ffb67d40000 - 0x00007ffb67d6f000 	C:\WINDOWS\SYSTEM32\dwmapi.dll
0x00007ffb67c40000 - 0x00007ffb67ce9000 	C:\WINDOWS\system32\uxtheme.dll
0x00007ffb43230000 - 0x00007ffb43413000 	C:\WINDOWS\SYSTEM32\inputhost.dll
0x00007ffb67470000 - 0x00007ffb67597000 	C:\WINDOWS\SYSTEM32\CoreMessaging.dll
0x00007ffb6e2d0000 - 0x00007ffb6e42c000 	C:\WINDOWS\System32\MSCTF.dll
0x00007ffb6a6d0000 - 0x00007ffb6a6dc000 	C:\WINDOWS\SYSTEM32\CRYPTBASE.DLL
0x00007ffb42000000 - 0x00007ffb4210f000 	C:\WINDOWS\SYSTEM32\opengl32.dll
0x00007ffb46510000 - 0x00007ffb4653d000 	C:\WINDOWS\SYSTEM32\GLU32.dll
0x00007ffb67db0000 - 0x00007ffb67df3000 	C:\WINDOWS\SYSTEM32\dxcore.dll
0x00007ffb65d90000 - 0x00007ffb65df1000 	C:\WINDOWS\SYSTEM32\directxdatabasehelper.dll
0x00007ffb5d540000 - 0x00007ffb5d55d000 	C:\WINDOWS\SYSTEM32\windows.staterepositorycore.dll
0x00007ffaf16a0000 - 0x00007ffaf2bf2000 	C:\WINDOWS\System32\DriverStore\FileRepository\iigd_dch.inf_amd64_54754d77b2c2ee59\igxelpicd64.dll
0x00007ffb6c790000 - 0x00007ffb6c927000 	C:\WINDOWS\System32\ole32.dll
0x00007ffb68f00000 - 0x00007ffb69041000 	C:\WINDOWS\SYSTEM32\dxgi.dll
0x00007ffacad30000 - 0x00007ffacad53000 	C:\WINDOWS\SYSTEM32\d3d12.dll
0x00007ffb04140000 - 0x00007ffb042e1000 	C:\WINDOWS\System32\DriverStore\FileRepository\iigd_dch.inf_amd64_54754d77b2c2ee59\igdml64.dll
0x00007ffb62a10000 - 0x00007ffb62fbb000 	C:\WINDOWS\System32\DriverStore\FileRepository\iigd_dch.inf_amd64_54754d77b2c2ee59\igdgmm64.dll
0x00007ffb5d6d0000 - 0x00007ffb62984000 	C:\WINDOWS\System32\DriverStore\FileRepository\iigd_dch.inf_amd64_54754d77b2c2ee59\igc64.dll
0x00007ffb41030000 - 0x00007ffb41178000 	C:\WINDOWS\SYSTEM32\textinputframework.dll
0x00007ffb65670000 - 0x00007ffb65952000 	C:\WINDOWS\SYSTEM32\CoreUIComponents.dll
0x00007ffb35c60000 - 0x00007ffb35cd6000 	C:\WINDOWS\system32\Oleacc.dll
0x00007ffb46390000 - 0x00007ffb463ee000 	C:\Users\Dell\AppData\Local\Temp\lwjgl_Dell\3.3.3+5\x64\lwjgl_opengl.dll

dbghelp: loaded successfully - version: 4.0.5 - missing functions: none
symbol engine: initialized successfully - sym options: 0x614 - pdb path: .;C:\Program Files\Eclipse Adoptium\jdk-17.0.15.6-hotspot\bin;C:\WINDOWS\SYSTEM32;C:\WINDOWS\WinSxS\amd64_microsoft.windows.common-controls_6595b64144ccf1df_6.0.26100.8115_none_3e075c82e3354f9c;C:\Program Files\Eclipse Adoptium\jdk-17.0.15.6-hotspot\bin\server;C:\Users\Dell\AppData\Local\Temp\lwjgl_Dell\3.3.3+5\x64;C:\WINDOWS\System32\DriverStore\FileRepository\iigd_dch.inf_amd64_54754d77b2c2ee59

VM Arguments:
jvm_args: -javaagent:C:\Program Files\JetBrains\IntelliJ IDEA 2025.2.6.1\lib\idea_rt.jar=51728 -Dfile.encoding=UTF-8 
java_command: org.example.Main
java_class_path (initial): D:\KTDH\gameKTDH\target\classes;C:\Users\Dell\.m2\repository\org\lwjgl\lwjgl\3.3.3\lwjgl-3.3.3.jar;C:\Users\Dell\.m2\repository\org\lwjgl\lwjgl\3.3.3\lwjgl-3.3.3-natives-windows.jar;C:\Users\Dell\.m2\repository\org\lwjgl\lwjgl-glfw\3.3.3\lwjgl-glfw-3.3.3.jar;C:\Users\Dell\.m2\repository\org\lwjgl\lwjgl-glfw\3.3.3\lwjgl-glfw-3.3.3-natives-windows.jar;C:\Users\Dell\.m2\repository\org\lwjgl\lwjgl-opengl\3.3.3\lwjgl-opengl-3.3.3.jar;C:\Users\Dell\.m2\repository\org\lwjgl\lwjgl-opengl\3.3.3\lwjgl-opengl-3.3.3-natives-windows.jar;C:\Users\Dell\.m2\repository\org\joml\joml\1.10.5\joml-1.10.5.jar
Launcher Type: SUN_STANDARD

[Global flags]
     intx CICompilerCount                          = 4                                         {product} {ergonomic}
     uint ConcGCThreads                            = 2                                         {product} {ergonomic}
     uint G1ConcRefinementThreads                  = 8                                         {product} {ergonomic}
   size_t G1HeapRegionSize                         = 1048576                                   {product} {ergonomic}
    uintx GCDrainStackTargetSize                   = 64                                        {product} {ergonomic}
   size_t InitialHeapSize                          = 130023424                                 {product} {ergonomic}
   size_t MarkStackSize                            = 4194304                                   {product} {ergonomic}
   size_t MaxHeapSize                              = 2078277632                                {product} {ergonomic}
   size_t MaxNewSize                               = 1246756864                                {product} {ergonomic}
   size_t MinHeapDeltaBytes                        = 1048576                                   {product} {ergonomic}
   size_t MinHeapSize                              = 8388608                                   {product} {ergonomic}
    uintx NonNMethodCodeHeapSize                   = 5839372                                {pd product} {ergonomic}
    uintx NonProfiledCodeHeapSize                  = 122909434                              {pd product} {ergonomic}
    uintx ProfiledCodeHeapSize                     = 122909434                              {pd product} {ergonomic}
    uintx ReservedCodeCacheSize                    = 251658240                              {pd product} {ergonomic}
     bool SegmentedCodeCache                       = true                                      {product} {ergonomic}
   size_t SoftMaxHeapSize                          = 2078277632                             {manageable} {ergonomic}
     bool UseCompressedClassPointers               = true                           {product lp64_product} {ergonomic}
     bool UseCompressedOops                        = true                           {product lp64_product} {ergonomic}
     bool UseG1GC                                  = true                                      {product} {ergonomic}
     bool UseLargePagesIndividualAllocation        = false                                  {pd product} {ergonomic}

Logging:
Log output configuration:
 #0: stdout all=warning uptime,level,tags
 #1: stderr all=off uptime,level,tags

Environment Variables:
JAVA_HOME=C:\Program Files\Eclipse Adoptium\jdk-17.0.15.6-hotspot\
PATH=C:\Program Files\Common Files\Oracle\Java\javapath;C:\Program Files (x86)\Common Files\Intel\Shared Libraries\redist\intel64\compiler;C:\Program Files\Eclipse Adoptium\jdk-17.0.15.6-hotspot\bin;C:\Program Files\Oculus\Support\oculus-runtime;C:\Windows\system32;C:\Windows;C:\Windows\System32\Wbem;C:\Windows\System32\WindowsPowerShell\v1.0\;C:\Windows\System32\OpenSSH\;C:\Program Files\dotnet\;C:\Program Files\NVIDIA Corporation\NVIDIA NvDLISR;C:\Program Files (x86)\NVIDIA Corporation\PhysX\Common;C:\WINDOWS\system32;C:\WINDOWS;C:\WINDOWS\System32\Wbem;C:\WINDOWS\System32\WindowsPowerShell\v1.0\;C:\WINDOWS\System32\OpenSSH\;C:\android\platform-tools-latest\platform-tools;C:\Program Files\nodejs\;C:\Program Files\Git\cmd;C:\Program Files\MySQL\MySQL Shell 8.0\bin\;C:\Users\Dell\AppData\Local\Programs\Python\Python311\Scripts\;C:\Users\Dell\AppData\Local\Programs\Python\Python311\;C:\Windows\system32;C:\Windows;C:\Windows\System32\Wbem;C:\Windows\System32\WindowsPowerShell\v1.0\;C:\Windows\System32\OpenSSH\;C:\Program Files\dotnet\;C:\Program Files\NVIDIA Corporation\NVIDIA NvDLISR;C:\Program Files (x86)\NVIDIA Corporation\PhysX\Common;C:\WINDOWS\system32;C:\WINDOWS;C:\WINDOWS\System32\Wbem;C:\WINDOWS\System32\WindowsPowerShell\v1.0\;C:\WINDOWS\System32\OpenSSH\;C:\Users\Dell\AppData\Local\Microsoft\WindowsApps;C:\Users\Dell\AppData\Local\Programs\Microsoft VS Code\bin;C:\Users\Dell\.dotnet\tools;C:\mingw64\bin;C:\Users\Dell\Downloads\platform-tools-latest-windows.zip\platform-tools;C:\Users\Dell\AppData\Local\GitHubDesktop\bin;C:\Users\Dell\AppData\Roaming\npm;C:\Users\Dell\AppData\Local\Programs\Antigravity\bin
USERNAME=Dell
OS=Windows_NT
PROCESSOR_IDENTIFIER=Intel64 Family 6 Model 140 Stepping 1, GenuineIntel
TMP=C:\Users\Dell\AppData\Local\Temp
TEMP=C:\Users\Dell\AppData\Local\Temp



Periodic native trim disabled


---------------  S Y S T E M  ---------------

OS:
 Windows 11 , 64 bit Build 26100 (10.0.26100.8246)
OS uptime: 13 days 11:04 hours
Hyper-V role detected

CPU: total 8 (initial active 8) (4 cores per cpu, 2 threads per core) family 6 model 140 stepping 1 microcode 0xbe, cx8, cmov, fxsr, ht, mmx, 3dnowpref, sse, sse2, sse3, ssse3, sse4.1, sse4.2, popcnt, lzcnt, tsc, tscinvbit, avx, avx2, aes, erms, clmul, bmi1, bmi2, adx, avx512f, avx512dq, avx512cd, avx512bw, avx512vl, sha, fma, vzeroupper, avx512_vpopcntdq, avx512_vpclmulqdq, avx512_vaes, avx512_vnni, clflush, clflushopt, clwb, avx512_vbmi2, avx512_vbmi, hv
Processor Information for all 8 processors :
  Max Mhz: 2419, Current Mhz: 2419, Mhz Limit: 2419

Memory: 4k page, system-wide physical 7926M (676M free)
TotalPageFile size 20726M (AvailPageFile size 4997M)
current process WorkingSet (physical memory assigned to process): 115M, peak: 115M
current process commit charge ("private bytes"): 248M, peak: 248M

vm_info: OpenJDK 64-Bit Server VM (17.0.15+6) for windows-amd64 JRE (17.0.15+6), built on Apr 15 2025 21:25:47 by "admin" with MS VC++ 17.7 (VS2022)

END.
